<?xml version="1.0" encoding="UTF-8"?>
<!-- Generated by org.testng.reporters.JUnitXMLReporter -->
<testsuite ignored="0" hostname="admin-PC" failures="1" tests="1" name="chrome browser" time="3.98" errors="0" timestamp="04 Mar 2022 18:32:13 GMT">
  <testcase classname="A8_ParallelExecution.A24_ParallelExecution" name="google" time="3.933">
    <failure type="org.openqa.selenium.SessionNotCreatedException" message="session not created: This version of ChromeDriver only supports Chrome version 96
Current browser version is 98.0.4758.102 with binary path C:\Program Files (x86)\Google\Chrome\Application\chrome.exe
Build info: version: &amp;apos;3.141.59&amp;apos;, revision: &amp;apos;e82be7d358&amp;apos;, time: &amp;apos;2018-11-14T08:17:03&amp;apos;
System info: host: &amp;apos;ADMIN-PC&amp;apos;, ip: &amp;apos;192.168.1.10&amp;apos;, os.name: &amp;apos;Windows 7&amp;apos;, os.arch: &amp;apos;amd64&amp;apos;, os.version: &amp;apos;6.1&amp;apos;, java.version: &amp;apos;11.0.13&amp;apos;
Driver info: driver.version: ChromeDriver
remote stacktrace: Backtrace:
	Ordinal0 [0x01506903+2517251]
	Ordinal0 [0x0149F8E1+2095329]
	Ordinal0 [0x013A2848+1058888]
	Ordinal0 [0x013C0B9D+1182621]
	Ordinal0 [0x013BCA60+1165920]
	Ordinal0 [0x013BA2CF+1155791]
	Ordinal0 [0x013EAAAF+1354415]
	Ordinal0 [0x013EA71A+1353498]
	Ordinal0 [0x013E639B+1336219]
	Ordinal0 [0x013C27A7+1189799]
	Ordinal0 [0x013C3609+1193481]
	GetHandleVerifier [0x01695904+1577972]
	GetHandleVerifier [0x01740B97+2279047]
	GetHandleVerifier [0x01596D09+534521]
	GetHandleVerifier [0x01595DB9+530601]
	Ordinal0 [0x014A4FF9+2117625]
	Ordinal0 [0x014A98A8+2136232]
	Ordinal0 [0x014A99E2+2136546]
	Ordinal0 [0x014B3541+2176321]
	BaseThreadInitThunk [0x77423677+18]
	RtlInitializeExceptionChain [0x77D29D72+99]
	RtlInitializeExceptionChain [0x77D29D45+54]
">
      <![CDATA[org.openqa.selenium.SessionNotCreatedException: session not created: This version of ChromeDriver only supports Chrome version 96Current browser version is 98.0.4758.102 with binary path C:\Program Files (x86)\Google\Chrome\Application\chrome.exeBuild info: version: '3.141.59', revision: 'e82be7d358', time: '2018-11-14T08:17:03'System info: host: 'ADMIN-PC', ip: '192.168.1.10', os.name: 'Windows 7', os.arch: 'amd64', os.version: '6.1', java.version: '11.0.13'Driver info: driver.version: ChromeDriverremote stacktrace: Backtrace:Ordinal0 [0x01506903+2517251]Ordinal0 [0x0149F8E1+2095329]Ordinal0 [0x013A2848+1058888]Ordinal0 [0x013C0B9D+1182621]Ordinal0 [0x013BCA60+1165920]Ordinal0 [0x013BA2CF+1155791]Ordinal0 [0x013EAAAF+1354415]Ordinal0 [0x013EA71A+1353498]Ordinal0 [0x013E639B+1336219]Ordinal0 [0x013C27A7+1189799]Ordinal0 [0x013C3609+1193481]GetHandleVerifier [0x01695904+1577972]GetHandleVerifier [0x01740B97+2279047]GetHandleVerifier [0x01596D09+534521]GetHandleVerifier [0x01595DB9+530601]Ordinal0 [0x014A4FF9+2117625]Ordinal0 [0x014A98A8+2136232]Ordinal0 [0x014A99E2+2136546]Ordinal0 [0x014B3541+2176321]BaseThreadInitThunk [0x77423677+18]RtlInitializeExceptionChain [0x77D29D72+99]RtlInitializeExceptionChain [0x77D29D45+54]at org.openqa.selenium.remote.W3CHandshakeResponse.lambda$errorHandler$0(W3CHandshakeResponse.java:62)at org.openqa.selenium.remote.HandshakeResponse.lambda$getResponseFunction$0(HandshakeResponse.java:30)at org.openqa.selenium.remote.ProtocolHandshake.lambda$createSession$0(ProtocolHandshake.java:126)at java.base/java.util.stream.ReferencePipeline$3$1.accept(ReferencePipeline.java:195)at java.base/java.util.Spliterators$ArraySpliterator.tryAdvance(Spliterators.java:958)at java.base/java.util.stream.ReferencePipeline.forEachWithCancel(ReferencePipeline.java:127)at java.base/java.util.stream.AbstractPipeline.copyIntoWithCancel(AbstractPipeline.java:502)at java.base/java.util.stream.AbstractPipeline.copyInto(AbstractPipeline.java:488)at java.base/java.util.stream.AbstractPipeline.wrapAndCopyInto(AbstractPipeline.java:474)at java.base/java.util.stream.FindOps$FindOp.evaluateSequential(FindOps.java:150)at java.base/java.util.stream.AbstractPipeline.evaluate(AbstractPipeline.java:234)at java.base/java.util.stream.ReferencePipeline.findFirst(ReferencePipeline.java:543)at org.openqa.selenium.remote.ProtocolHandshake.createSession(ProtocolHandshake.java:128)at org.openqa.selenium.remote.ProtocolHandshake.createSession(ProtocolHandshake.java:74)at org.openqa.selenium.remote.HttpCommandExecutor.execute(HttpCommandExecutor.java:136)at org.openqa.selenium.remote.service.DriverCommandExecutor.execute(DriverCommandExecutor.java:83)at org.openqa.selenium.remote.RemoteWebDriver.execute(RemoteWebDriver.java:552)at org.openqa.selenium.remote.RemoteWebDriver.startSession(RemoteWebDriver.java:213)at org.openqa.selenium.remote.RemoteWebDriver.<init>(RemoteWebDriver.java:131)at org.openqa.selenium.chrome.ChromeDriver.<init>(ChromeDriver.java:181)at org.openqa.selenium.chrome.ChromeDriver.<init>(ChromeDriver.java:168)at org.openqa.selenium.chrome.ChromeDriver.<init>(ChromeDriver.java:123)at A8_ParallelExecution.A24_ParallelExecution.google(A24_ParallelExecution.java:22)... Removed 29 stack frames]]>
    </failure>
  </testcase> <!-- google -->
</testsuite> <!-- chrome browser -->
